This file contains any messages produced by compilers while
running configure, to aid debugging if configure makes a mistake.

It was created by configure, which was
generated by GNU Autoconf 2.69.  Invocation command line was

  $ ./configure 

## --------- ##
## Platform. ##
## --------- ##

hostname = matthias-VirtualBox
uname -m = x86_64
uname -r = 3.19.0-37-generic
uname -s = Linux
uname -v = #42-Ubuntu SMP Fri Nov 20 18:22:05 UTC 2015

/usr/bin/uname -p = unknown
/bin/uname -X     = unknown

/bin/arch              = unknown
/usr/bin/arch -k       = unknown
/usr/convex/getsysinfo = unknown
/usr/bin/hostinfo      = unknown
/bin/machine           = unknown
/usr/bin/oslevel       = unknown
/bin/universe          = unknown

PATH: /usr/local/bin
PATH: /usr/local/sbin
PATH: /home/matthias/bin
PATH: /home/matthias/.npm-packages/bin
PATH: /home/matthias/local/bin
PATH: /home/matthias/local/games
PATH: /home/matthias/.local/bin
PATH: /usr/lib/cw
PATH: /home/kb/.gem/ruby/1.9.1/bin
PATH: /home/kb/.gem/ruby/2.0.0/bin
PATH: /home/kb/.gem/ruby/2.1.0/bin
PATH: /home/kb/bin
PATH: /usr/sbin
PATH: /usr/bin
PATH: /sbin
PATH: /bin
PATH: /usr/games
PATH: /usr/local/games


## ----------- ##
## Core tests. ##
## ----------- ##

configure:1784: checking for a BSD-compatible install
configure:1852: result: /usr/bin/install -c
configure:1863: checking whether build environment is sane
configure:1918: result: yes
configure:2069: checking for a thread-safe mkdir -p
configure:2108: result: /bin/mkdir -p
configure:2115: checking for gawk
configure:2131: found /usr/bin/gawk
configure:2142: result: gawk
configure:2153: checking whether make sets $(MAKE)
configure:2175: result: yes
configure:2204: checking whether make supports nested variables
configure:2221: result: yes
configure:2374: checking for perl
configure:2392: found /usr/bin/perl
configure:2405: result: /usr/bin/perl
configure:2421: checking whether the perl interpreter (/usr/bin/perl ) runs
configure:2424: result: yes
configure:2432: checking whether the perl interpreter (/usr/bin/perl ) works
configure:2435: result: yes
configure:2463: checking whether to check the user eprints exists
configure:2488: result: yes
configure:2490: checking whether the user eprints exists
configure:2493: result: yes
configure:2504: checking whether to check the group eprints exists
configure:2529: result: yes
configure:2531: checking whether the group eprints exists
configure:2534: result: yes
configure:2771: checking that generated files are newer than configure
configure:2777: result: done
configure:2785: creating ./config.status

## ---------------------- ##
## Running config.status. ##
## ---------------------- ##

This file was extended by config.status, which was
generated by GNU Autoconf 2.69.  Invocation command line was

  CONFIG_FILES    = 
  CONFIG_HEADERS  = 
  CONFIG_LINKS    = 
  CONFIG_COMMANDS = 
  $ ./config.status 

on matthias-VirtualBox

config.status:761: creating debian/rules
config.status:761: creating debian/postinst
config.status:761: creating debian/postrm
config.status:761: creating debian/preinst
config.status:761: creating debian/prerm
config.status:761: creating bin/epindexer
config.status:761: creating Makefile
config.status:761: creating perl_lib/EPrints/SystemSettings.pm
config.status:761: creating install.pl
config.status:761: creating eprints.spec
config.status:761: creating debian/changelog

## ---------------- ##
## Cache variables. ##
## ---------------- ##

ac_cv_env_build_alias_set=
ac_cv_env_build_alias_value=
ac_cv_env_host_alias_set=
ac_cv_env_host_alias_value=
ac_cv_env_target_alias_set=
ac_cv_env_target_alias_value=
ac_cv_path_PERL_PATH=/usr/bin/perl
ac_cv_path_install='/usr/bin/install -c'
ac_cv_path_mkdir=/bin/mkdir
ac_cv_prog_AWK=gawk
ac_cv_prog_make_make_set=yes
am_cv_make_support_nested_variables=yes

## ----------------- ##
## Output variables. ##
## ----------------- ##

ACLOCAL='${SHELL} /home/matthias/eprints/missing aclocal-1.14'
AMTAR='$${TAR-tar}'
AM_BACKSLASH='\'
AM_DEFAULT_V='$(AM_DEFAULT_VERBOSITY)'
AM_DEFAULT_VERBOSITY='1'
AM_V='$(V)'
AUTOCONF='${SHELL} /home/matthias/eprints/missing autoconf'
AUTOHEADER='${SHELL} /home/matthias/eprints/missing autoheader'
AUTOMAKE='${SHELL} /home/matthias/eprints/missing automake-1.14'
AWK='gawk'
CYGPATH_W='echo'
DEBIAN_DATE='Mon, 14 Dec 2015 13:35:59 +0100'
DEBIAN_TYPE='UNRELEASED'
DEFS='-DPACKAGE_NAME=\"\" -DPACKAGE_TARNAME=\"\" -DPACKAGE_VERSION=\"\" -DPACKAGE_STRING=\"\" -DPACKAGE_BUGREPORT=\"\" -DPACKAGE_URL=\"\" -DPACKAGE=\"eprints\" -DVERSION=\"3.3.14\"'
DIST_PATH='/home/matthias/eprints'
ECHO_C=''
ECHO_N='-n'
ECHO_T=''
INSTALL_DATA='${INSTALL} -m 644'
INSTALL_GROUP='eprints'
INSTALL_PROGRAM='${INSTALL}'
INSTALL_SCRIPT='${INSTALL}'
INSTALL_STRIP_PROGRAM='$(install_sh) -c -s'
INSTALL_USER='eprints'
LIBOBJS=''
LIBS=''
LTLIBOBJS=''
MAKEINFO='${SHELL} /home/matthias/eprints/missing makeinfo'
MKDIR_P='/bin/mkdir -p'
PACKAGE='eprints'
PACKAGE_BUGREPORT=''
PACKAGE_NAME=''
PACKAGE_STRING=''
PACKAGE_TARNAME=''
PACKAGE_URL=''
PACKAGE_VERSION=''
PATH_SEPARATOR=':'
PERL_PATH='/usr/bin/perl'
PLATFORM='unix'
PREFIX='/opt/eprints3'
SET_MAKE=''
SHELL='/bin/bash'
SMTP_SERVER='smtp'
STRIP=''
VERSION='3.3.14'
am__isrc=''
am__leading_dot='.'
am__tar='$${TAR-tar} chof - "$$tardir"'
am__untar='$${TAR-tar} xf -'
bindir='${exec_prefix}/bin'
build_alias=''
datadir='${datarootdir}'
datarootdir='${prefix}/share'
docdir='${datarootdir}/doc/${PACKAGE}'
dvidir='${docdir}'
exec_prefix='${prefix}'
host_alias=''
htmldir='${docdir}'
includedir='${prefix}/include'
infodir='${datarootdir}/info'
install_sh='${SHELL} /home/matthias/eprints/install-sh'
libdir='${exec_prefix}/lib'
libexecdir='${exec_prefix}/libexec'
localedir='${datarootdir}/locale'
localstatedir='${prefix}/var'
mandir='${datarootdir}/man'
mkdir_p='$(MKDIR_P)'
oldincludedir='/usr/include'
pdfdir='${docdir}'
prefix='/opt/eprints3'
program_transform_name='s,x,x,'
psdir='${docdir}'
sbindir='${exec_prefix}/sbin'
sharedstatedir='${prefix}/com'
sysconfdir='${prefix}/etc'
target_alias=''

## ----------- ##
## confdefs.h. ##
## ----------- ##

/* confdefs.h */
#define PACKAGE_NAME ""
#define PACKAGE_TARNAME ""
#define PACKAGE_VERSION ""
#define PACKAGE_STRING ""
#define PACKAGE_BUGREPORT ""
#define PACKAGE_URL ""
#define PACKAGE "eprints"
#define VERSION "3.3.14"

configure: exit 0

## ---------------------- ##
## Running config.status. ##
## ---------------------- ##

This file was extended by config.status, which was
generated by GNU Autoconf 2.69.  Invocation command line was

  CONFIG_FILES    = 
  CONFIG_HEADERS  = 
  CONFIG_LINKS    = 
  CONFIG_COMMANDS = 
  $ ./config.status 

on matthias-VirtualBox

config.status:761: creating debian/rules
config.status:761: creating debian/postinst
config.status:761: creating debian/postrm
config.status:761: creating debian/preinst
config.status:761: creating debian/prerm
config.status:761: creating bin/epindexer
config.status:761: creating Makefile
config.status:761: creating perl_lib/EPrints/SystemSettings.pm
config.status:761: creating install.pl
config.status:761: creating eprints.spec
config.status:761: creating debian/changelog
